d:\space\system\windows\dllproject\dll注入\debug\vc140.pdb
d:\space\system\windows\dllproject\dll注入\debug\vc140.idb
d:\space\system\windows\dllproject\dll注入\debug\convert.obj
d:\space\system\windows\dllproject\dll注入\debug\dllmain.obj
d:\space\system\windows\dllproject\dll注入\debug\dllutils.obj
d:\space\system\windows\dllproject\dll注入\debug\hookutils.obj
d:\space\system\windows\dllproject\dll注入\debug\main.obj
d:\space\system\windows\dllproject\dll注入\debug\other.obj
d:\space\system\windows\dllproject\debug\dllhook.lib
d:\space\system\windows\dllproject\debug\dllhook.exp
d:\space\system\windows\dllproject\debug\dllhook.ilk
d:\space\system\windows\dllproject\debug\dllhook.dll
d:\space\system\windows\dllproject\debug\dllhook.pdb
d:\space\system\windows\dllproject\dll注入\debug\dllhook.tlog\cl.command.1.tlog
d:\space\system\windows\dllproject\dll注入\debug\dllhook.tlog\cl.read.1.tlog
d:\space\system\windows\dllproject\dll注入\debug\dllhook.tlog\cl.write.1.tlog
d:\space\system\windows\dllproject\dll注入\debug\dllhook.tlog\dllhook.write.1u.tlog
d:\space\system\windows\dllproject\dll注入\debug\dllhook.tlog\link.command.1.tlog
d:\space\system\windows\dllproject\dll注入\debug\dllhook.tlog\link.read.1.tlog
d:\space\system\windows\dllproject\dll注入\debug\dllhook.tlog\link.write.1.tlog
